[debug] [2022-08-21T20:43:47.527Z] ----------------------------------------------------------------------
[debug] [2022-08-21T20:43:47.529Z] Command:       C:\Program Files\nodejs\node.exe C:\Users\pc\AppData\Roaming\npm\node_modules\firebase-tools\lib\bin\firebase.js init
[debug] [2022-08-21T20:43:47.530Z] CLI Version:   11.7.0
[debug] [2022-08-21T20:43:47.530Z] Platform:      win32
[debug] [2022-08-21T20:43:47.530Z] Node Version:  v16.16.0
[debug] [2022-08-21T20:43:47.531Z] Time:          Sun Aug 21 2022 22:43:47 GMT+0200 (Eastern European Standard Time)
[debug] [2022-08-21T20:43:47.531Z] ----------------------------------------------------------------------
[debug] 
[debug] [2022-08-21T20:43:47.539Z] > command requires scopes: ["email","openid","https://www.googleapis.com/auth/cloudplatformprojects.readonly","https://www.googleapis.com/auth/firebase","https://www.googleapis.com/auth/cloud-platform"]
[debug] [2022-08-21T20:43:47.540Z] > authorizing via signed-in user (fatimaabdelwahab186@gmail.com)
[info] 
     ######## #### ########  ######## ########     ###     ######  ########
     ##        ##  ##     ## ##       ##     ##  ##   ##  ##       ##
     ######    ##  ########  ######   ########  #########  ######  ######
     ##        ##  ##    ##  ##       ##     ## ##     ##       ## ##
     ##       #### ##     ## ######## ########  ##     ##  ######  ########

You're about to initialize a Firebase project in this directory:

  E:\fatma\grad-pro\my-app

[info] 
=== Project Setup
[info] 
[info] First, let's associate this project directory with a Firebase project.
[info] You can create multiple project aliases by running firebase use --add, 
[info] but for now we'll just set up a default project.
[info] 
[debug] [2022-08-21T20:44:24.217Z] >>> [apiv2][query] GET https://firebase.googleapis.com/v1beta1/projects pageSize=100
[debug] [2022-08-21T20:44:24.244Z] Failed to make request to https://firebase.googleapis.com/v1beta1/projects?pageSize=100
[debug] [2022-08-21T20:44:24.251Z] FirebaseError: Failed to make request to https://firebase.googleapis.com/v1beta1/projects?pageSize=100
    at RetryOperation._fn (C:\Users\pc\AppData\Roaming\npm\node_modules\firebase-tools\lib\apiv2.js:242:31)
    at processTicksAndRejections (node:internal/process/task_queues:96:5)
[error] 
[error] Error: Failed to list Firebase projects. See firebase-debug.log for more info.
[debug] [2022-08-21T20:45:55.826Z] ----------------------------------------------------------------------
[debug] [2022-08-21T20:45:55.829Z] Command:       C:\Program Files\nodejs\node.exe C:\Users\pc\AppData\Roaming\npm\node_modules\firebase-tools\lib\bin\firebase.js init
[debug] [2022-08-21T20:45:55.830Z] CLI Version:   11.7.0
[debug] [2022-08-21T20:45:55.831Z] Platform:      win32
[debug] [2022-08-21T20:45:55.831Z] Node Version:  v16.16.0
[debug] [2022-08-21T20:45:55.832Z] Time:          Sun Aug 21 2022 22:45:55 GMT+0200 (Eastern European Standard Time)
[debug] [2022-08-21T20:45:55.832Z] ----------------------------------------------------------------------
[debug] 
[debug] [2022-08-21T20:45:55.843Z] > command requires scopes: ["email","openid","https://www.googleapis.com/auth/cloudplatformprojects.readonly","https://www.googleapis.com/auth/firebase","https://www.googleapis.com/auth/cloud-platform"]
[debug] [2022-08-21T20:45:55.844Z] > authorizing via signed-in user (fatimaabdelwahab186@gmail.com)
[info] 
     ######## #### ########  ######## ########     ###     ######  ########
     ##        ##  ##     ## ##       ##     ##  ##   ##  ##       ##
     ######    ##  ########  ######   ########  #########  ######  ######
     ##        ##  ##    ##  ##       ##     ## ##     ##       ## ##
     ##       #### ##     ## ######## ########  ##     ##  ######  ########

You're about to initialize a Firebase project in this directory:

  E:\fatma\grad-pro\my-app

[info] 
=== Project Setup
[info] 
[info] First, let's associate this project directory with a Firebase project.
[info] You can create multiple project aliases by running firebase use --add, 
[info] but for now we'll just set up a default project.
[info] 
[info] i  If you want to create a project in a Google Cloud organization or folder, please use "firebase projects:create" instead, and return to this command when you've created the project. 
[debug] [2022-08-21T20:47:38.984Z] >>> [apiv2][query] POST https://cloudresourcemanager.googleapis.com/v1/projects [none]
[debug] [2022-08-21T20:47:38.985Z] >>> [apiv2][body] POST https://cloudresourcemanager.googleapis.com/v1/projects {"projectId":"coffee-18699","name":"coffeeshop"}
[debug] [2022-08-21T20:47:40.586Z] FirebaseError: Failed to make request to https://cloudresourcemanager.googleapis.com/v1/projects
    at RetryOperation._fn (C:\Users\pc\AppData\Roaming\npm\node_modules\firebase-tools\lib\apiv2.js:242:31)
    at processTicksAndRejections (node:internal/process/task_queues:96:5)
[error] 
[error] Error: Failed to create project. See firebase-debug.log for more info.
